0 info it worked if it ends with ok
1 verbose cli [ 'D:\\Softwares\\nodeJs\\node.exe',
1 verbose cli   'D:\\Softwares\\nodeJs\\node_modules\\npm\\bin\\npm-cli.js',
1 verbose cli   'run',
1 verbose cli   'build:production' ]
2 info using npm@3.10.3
3 info using node@v6.3.0
4 verbose stack Error: ENOENT: no such file or directory, open 'D:\workspace\flaskAPI\package.json'
4 verbose stack     at Error (native)
5 verbose cwd D:\workspace\flaskAPI
6 error Windows_NT 10.0.14393
7 error argv "D:\\Softwares\\nodeJs\\node.exe" "D:\\Softwares\\nodeJs\\node_modules\\npm\\bin\\npm-cli.js" "run" "build:production"
8 error node v6.3.0
9 error npm  v3.10.3
10 error path D:\workspace\flaskAPI\package.json
11 error code ENOENT
12 error errno -4058
13 error syscall open
14 error enoent ENOENT: no such file or directory, open 'D:\workspace\flaskAPI\package.json'
15 error enoent ENOENT: no such file or directory, open 'D:\workspace\flaskAPI\package.json'
15 error enoent This is most likely not a problem with npm itself
15 error enoent and is related to npm not being able to find a file.
16 verbose exit [ -4058, true ]
